Time resolution is 1 ps
Time: 745000 | PCM Output =          0
Time: 745000 | PCM Output =          0
Time: 11165000 | PCM Output = 2147483647
Time: 21575000 | PCM Output =        337
Time: 31995000 | PCM Output =       3930
Time: 42415000 | PCM Output =       7057
Time: 52825000 | PCM Output =       9230
Time: 63245000 | PCM Output =      12359
Time: 73665000 | PCM Output =       8712
Time: 84075000 | PCM Output =      12922
Time: 94495000 | PCM Output =       6182
Time: 104915000 | PCM Output =       4080
Time: 115325000 | PCM Output =       7624
Time: 125745000 | PCM Output = 2147483647
Time: 136165000 | PCM Output =       9953
Time: 146575000 | PCM Output = 2147483647
Time: 156995000 | PCM Output = 2147483647
Time: 167415000 | PCM Output =       6449
Time: 177825000 | PCM Output = 2147483647
Time: 188245000 | PCM Output =     454447
Time: 198665000 | PCM Output =    1555584
Time: 209075000 | PCM Output =    2346416
Time: 219495000 | PCM Output =    2905105
Time: 229915000 | PCM Output =    3181938
Time: 745000 | PCM Output =          0
Time: 11165000 | PCM Output = 2147483647
Time: 21575000 | PCM Output =        337
Time: 31995000 | PCM Output =       3930
Time: 42415000 | PCM Output =       7057
Time: 52825000 | PCM Output =       9230
Time: 63245000 | PCM Output =      12359
Time: 73665000 | PCM Output =       8712
Time: 84075000 | PCM Output =      12922
Time: 94495000 | PCM Output =       6182
Time: 104915000 | PCM Output =       4080
Time: 115325000 | PCM Output =       7624
Time: 125745000 | PCM Output = 2147483647
Time: 136165000 | PCM Output =       9953
Time: 146575000 | PCM Output = 2147483647
Time: 156995000 | PCM Output = 2147483647
Time: 167415000 | PCM Output =       6449
Time: 177825000 | PCM Output = 2147483647
Time: 188245000 | PCM Output =     454447
Time: 198665000 | PCM Output =    1555584
Time: 209075000 | PCM Output =    2346416
Time: 219495000 | PCM Output =    2905105
Time: 229915000 | PCM Output =    3181938
Time: 240325000 | PCM Output =    3084562
Time: 250745000 | PCM Output =    2697329
Time: 261165000 | PCM Output =    1996937
Time: 271575000 | PCM Output =    1097494
Time: 281995000 | PCM Output =      80951
Time: 745000 | PCM Output =          0
Time: 11165000 | PCM Output = 2147483647
Time: 21575000 | PCM Output =        337
Time: 31995000 | PCM Output =       3930
Time: 42415000 | PCM Output =       7057
Time: 52825000 | PCM Output =       9230
Time: 63245000 | PCM Output =      12359
Time: 73665000 | PCM Output =       8712
Time: 84075000 | PCM Output =      12922
Time: 94495000 | PCM Output =       6182
Time: 104915000 | PCM Output =       4080
Time: 115325000 | PCM Output =       7624
Time: 125745000 | PCM Output = 2147483647
Time: 136165000 | PCM Output =       9953
Time: 146575000 | PCM Output = 2147483647
Time: 156995000 | PCM Output = 2147483647
Time: 167415000 | PCM Output =       6449
Time: 177825000 | PCM Output = 2147483647
Time: 188245000 | PCM Output =     454447
Time: 198665000 | PCM Output =    1555584
Time: 209075000 | PCM Output =    2346416
Time: 219495000 | PCM Output =    2905105
Time: 229915000 | PCM Output =    3181938
Time: 240325000 | PCM Output =    3084562
Time: 250745000 | PCM Output =    2697329
Time: 261165000 | PCM Output =    1996937
Time: 271575000 | PCM Output =    1097494
Time: 281995000 | PCM Output =      80951
Time: 292415000 | PCM Output = 2147483647
Time: 302825000 | PCM Output = 2147483647
Time: 313245000 | PCM Output = 2147483647
Time: 323665000 | PCM Output = 2147483647
Time: 334075000 | PCM Output = 2147483647
Time: 344495000 | PCM Output = 2147483647
Time: 354915000 | PCM Output = 2147483647
Time: 365325000 | PCM Output = 2147483647
Time: 375745000 | PCM Output = 2147483647
Time: 386165000 | PCM Output =     354866
Time: 396575000 | PCM Output =    1356303
Time: 745000 | PCM Output =          0
Time: 11165000 | PCM Output = 2147483647
Time: 21575000 | PCM Output =        337
Time: 31995000 | PCM Output =       3930
Time: 42415000 | PCM Output =       7057
Time: 52825000 | PCM Output =       9230
Time: 63245000 | PCM Output =      12359
Time: 73665000 | PCM Output =       8712
Time: 84075000 | PCM Output =      12922
Time: 94495000 | PCM Output =       6182
Time: 104915000 | PCM Output =       4080
Time: 115325000 | PCM Output =       7624
Time: 125745000 | PCM Output = 2147483647
Time: 136165000 | PCM Output =       9953
Time: 146575000 | PCM Output = 2147483647
Time: 156995000 | PCM Output = 2147483647
Time: 167415000 | PCM Output =       6449
Time: 177825000 | PCM Output = 2147483647
Time: 188245000 | PCM Output =     454447
Time: 198665000 | PCM Output =    1555584
Time: 209075000 | PCM Output =    2346416
Time: 219495000 | PCM Output =    2905105
Time: 229915000 | PCM Output =    3181938
Time: 240325000 | PCM Output =    3084562
Time: 250745000 | PCM Output =    2697329
Time: 261165000 | PCM Output =    1996937
Time: 271575000 | PCM Output =    1097494
Time: 281995000 | PCM Output =      80951
Time: 292415000 | PCM Output = 2147483647
Time: 302825000 | PCM Output = 2147483647
Time: 313245000 | PCM Output = 2147483647
Time: 323665000 | PCM Output = 2147483647
Time: 334075000 | PCM Output = 2147483647
Time: 344495000 | PCM Output = 2147483647
Time: 354915000 | PCM Output = 2147483647
Time: 365325000 | PCM Output = 2147483647
Time: 375745000 | PCM Output = 2147483647
Time: 386165000 | PCM Output =     354866
Time: 396575000 | PCM Output =    1356303
Time: 406995000 | PCM Output =    2210932
Time: 417415000 | PCM Output =    2835379
Time: 427825000 | PCM Output =    3148346
Time: 438245000 | PCM Output =    3125481
Time: 448665000 | PCM Output =    2789342
Time: 459075000 | PCM Output =    2158336
Time: 469495000 | PCM Output =    1288007
Time: 479915000 | PCM Output =     276851
Time: 490325000 | PCM Output = 2147483647
$finish called at time : 500195 ns : File "C:/Users/kuflu/Vivado/Research/FIFO-DMA/FIFO-DMA.srcs/sim_1/imports/Downloads/PDM_to_PCM_testbench.sv" Line 101
INFO: xsimkernel Simulation Memory Usage: 29456 KB (Peak: 29456 KB), Simulation CPU Usage: 352109 ms
