Copyright 1986-2022 Xilinx, Inc. All Rights Reserved. Copyright 2022-2024 Advanced Micro Devices, Inc. All Rights Reserved.
---------------------------------------------------------------------------------------------------------------------------------------------
| Tool Version : Vivado v.2024.2 (win64) Build 5239630 Fri Nov 08 22:35:27 MST 2024
| Date         : Thu May 29 13:05:37 2025
| Host         : eecs3007vr01 running 64-bit major release  (build 9200)
| Command      : upgrade_ip
| Device       : xc7z020clg400-1
---------------------------------------------------------------------------------------------------------------------------------------------

Upgrade Log for IP 'sim_mic_dma_axis_data_fifo_0_0'

1. Summary
----------

SUCCESS in the upgrade of sim_mic_dma_axis_data_fifo_0_0 (xilinx.com:ip:axis_data_fifo:2.0) from (Rev. 16) to (Rev. 15)






Copyright 1986-2022 Xilinx, Inc. All Rights Reserved. Copyright 2022-2024 Advanced Micro Devices, Inc. All Rights Reserved.
---------------------------------------------------------------------------------------------------------------------------------------------
| Tool Version : Vivado v.2024.2 (win64) Build 5239630 Fri Nov 08 22:35:27 MST 2024
| Date         : Thu May 29 13:05:35 2025
| Host         : eecs3007vr01 running 64-bit major release  (build 9200)
| Command      : upgrade_ip
| Device       : xc7z020clg400-1
---------------------------------------------------------------------------------------------------------------------------------------------

Upgrade Log for IP 'mic_dma_dma_0'

1. Summary
----------

SUCCESS in the upgrade of mic_dma_dma_0 (xilinx.com:ip:axi_dma:7.1) from (Rev. 35) to (Rev. 34)






Copyright 1986-2022 Xilinx, Inc. All Rights Reserved. Copyright 2022-2024 Advanced Micro Devices, Inc. All Rights Reserved.
---------------------------------------------------------------------------------------------------------------------------------------------
| Tool Version : Vivado v.2024.2 (win64) Build 5239630 Fri Nov 08 22:35:27 MST 2024
| Date         : Thu May 29 13:05:35 2025
| Host         : eecs3007vr01 running 64-bit major release  (build 9200)
| Command      : upgrade_ip
| Device       : xc7z020clg400-1
---------------------------------------------------------------------------------------------------------------------------------------------

Upgrade Log for IP 'mic_dma_axis_data_fifo_0_0'

1. Summary
----------

SUCCESS in the upgrade of mic_dma_axis_data_fifo_0_0 (xilinx.com:ip:axis_data_fifo:2.0) from (Rev. 16) to (Rev. 15)






Copyright 1986-2022 Xilinx, Inc. All Rights Reserved. Copyright 2022-2024 Advanced Micro Devices, Inc. All Rights Reserved.
---------------------------------------------------------------------------------------------------------------------------------------------
| Tool Version : Vivado v.2024.2 (win64) Build 5239630 Fri Nov 08 22:35:27 MST 2024
| Date         : Thu May 29 13:05:35 2025
| Host         : eecs3007vr01 running 64-bit major release  (build 9200)
| Command      : upgrade_ip
| Device       : xc7z020clg400-1
---------------------------------------------------------------------------------------------------------------------------------------------

Upgrade Log for IP 'mic_dma_axi_smc_0'

1. Summary
----------

SUCCESS in the upgrade of mic_dma_axi_smc_0 (xilinx.com:ip:smartconnect:1.0) from (Rev. 26) to (Rev. 25)

After upgrade, an IP may have parameter and port differences compared to the original customization. Please review the parameters within the IP customization GUI to ensure proper functionality. Also, please review the updated IP instantiation template to ensure proper connectivity, and update your design if required.

2. Connection and Interface Information
---------------------------------------

Connection and Interface information can not be compared for deferred elaboration IPs.
mic_dma_axi_smc_0 may have connection or interface changes.







Copyright 1986-2022 Xilinx, Inc. All Rights Reserved. Copyright 2022-2024 Advanced Micro Devices, Inc. All Rights Reserved.
---------------------------------------------------------------------------------------------------------------------------------------------
| Tool Version : Vivado v.2024.2 (win64) Build 5239630 Fri Nov 08 22:35:27 MST 2024
| Date         : Thu May 29 13:05:35 2025
| Host         : eecs3007vr01 running 64-bit major release  (build 9200)
| Command      : upgrade_ip
| Device       : xc7z020clg400-1
---------------------------------------------------------------------------------------------------------------------------------------------

Upgrade Log for IP 'mic_dma_axi_mem_intercon_1_0'

1. Summary
----------

SUCCESS in the upgrade of mic_dma_axi_mem_intercon_1_0 (xilinx.com:ip:axi_interconnect:2.1) from (Rev. 36) to (Rev. 34)






Copyright 1986-2022 Xilinx, Inc. All Rights Reserved. Copyright 2022-2024 Advanced Micro Devices, Inc. All Rights Reserved.
---------------------------------------------------------------------------------------------------------------------------------------------
| Tool Version : Vivado v.2024.2 (win64) Build 5239630 Fri Nov 08 22:35:27 MST 2024
| Date         : Thu May 29 13:05:35 2025
| Host         : eecs3007vr01 running 64-bit major release  (build 9200)
| Command      : upgrade_ip
| Device       : xc7z020clg400-1
---------------------------------------------------------------------------------------------------------------------------------------------

Upgrade Log for IP 'mic_dma_axi_mem_intercon_0'

1. Summary
----------

SUCCESS in the upgrade of mic_dma_axi_mem_intercon_0 (xilinx.com:ip:axi_interconnect:2.1) from (Rev. 36) to (Rev. 34)

