Copyright 1986-2022 Xilinx, Inc. All Rights Reserved. Copyright 2022-2025 Advanced Micro Devices, Inc. All Rights Reserved.
-------------------------------------------------------------------------------------------------------------------------------------------------------------------
| Tool Version     : Vivado v.2025.1 (win64) Build 6140274 Thu May 22 00:12:29 MDT 2025
| Date             : Thu Jul 24 19:21:02 2025
| Host             : DK-SLS running 64-bit major release  (build 9200)
| Command          : report_power -file mic_dma_wrapper_power_routed.rpt -pb mic_dma_wrapper_power_summary_routed.pb -rpx mic_dma_wrapper_power_routed.rpx
| Design           : mic_dma_wrapper
| Device           : xc7z020clg400-1
| Design State     : routed
| Grade            : commercial
| Process          : typical
| Characterization : Production
-------------------------------------------------------------------------------------------------------------------------------------------------------------------

Power Report

Table of Contents
-----------------
1. Summary
1.1 On-Chip Components
1.2 Power Supply Summary
1.3 Confidence Level
2. Settings
2.1 Environment
2.2 Clock Constraints
3. Detailed Reports
3.1 By Hierarchy

1. Summary
----------

+--------------------------+--------------+
| Total On-Chip Power (W)  | 1.581        |
| Design Power Budget (W)  | Unspecified* |
| Power Budget Margin (W)  | NA           |
| Dynamic (W)              | 1.426        |
| Device Static (W)        | 0.154        |
| Effective TJA (C/W)      | 11.5         |
| Max Ambient (C)          | 66.8         |
| Junction Temperature (C) | 43.2         |
| Confidence Level         | Low          |
| Setting File             | ---          |
| Simulation Activity File | ---          |
| Design Nets Matched      | NA           |
+--------------------------+--------------+
* Specify Design Power Budget using, set_operating_conditions -design_power_budget <value in Watts>


1.1 On-Chip Components
----------------------

+--------------------------+-----------+----------+-----------+-----------------+
| On-Chip                  | Power (W) | Used     | Available | Utilization (%) |
+--------------------------+-----------+----------+-----------+-----------------+
| Clocks                   |     0.021 |        6 |       --- |             --- |
| Slice Logic              |     0.006 |    10217 |       --- |             --- |
|   LUT as Logic           |     0.004 |     3063 |     53200 |            5.76 |
|   LUT as Shift Register  |    <0.001 |      331 |     17400 |            1.90 |
|   CARRY4                 |    <0.001 |      155 |     13300 |            1.17 |
|   Register               |    <0.001 |     4535 |    106400 |            4.26 |
|   LUT as Distributed RAM |    <0.001 |       20 |     17400 |            0.11 |
|   Others                 |     0.000 |     1004 |       --- |             --- |
|   F7/F8 Muxes            |     0.000 |      189 |     53200 |            0.36 |
| Signals                  |     0.011 |     7882 |       --- |             --- |
| Block RAM                |     0.004 |      119 |       140 |           85.00 |
| MMCM                     |     0.110 |        1 |         4 |           25.00 |
| DSPs                     |     0.007 |       10 |       220 |            4.55 |
| I/O                      |     0.003 |        7 |       125 |            5.60 |
| PS7                      |     1.264 |        1 |       --- |             --- |
| Static Power             |     0.154 |          |           |                 |
| Total                    |     1.581 |          |           |                 |
+--------------------------+-----------+----------+-----------+-----------------+


1.2 Power Supply Summary
------------------------

+-----------+-------------+-----------+-------------+------------+-------------+-------------+------------+
| Source    | Voltage (V) | Total (A) | Dynamic (A) | Static (A) | Powerup (A) | Budget (A)  | Margin (A) |
+-----------+-------------+-----------+-------------+------------+-------------+-------------+------------+
| Vccint    |       1.000 |     0.067 |       0.049 |      0.018 |       NA    | Unspecified | NA         |
| Vccaux    |       1.800 |     0.076 |       0.061 |      0.015 |       NA    | Unspecified | NA         |
| Vcco33    |       3.300 |     0.002 |       0.001 |      0.001 |       NA    | Unspecified | NA         |
| Vcco25    |       2.500 |     0.000 |       0.000 |      0.000 |       NA    | Unspecified | NA         |
| Vcco18    |       1.800 |     0.001 |       0.000 |      0.001 |       NA    | Unspecified | NA         |
| Vcco15    |       1.500 |     0.000 |       0.000 |      0.000 |       NA    | Unspecified | NA         |
| Vcco135   |       1.350 |     0.000 |       0.000 |      0.000 |       NA    | Unspecified | NA         |
| Vcco12    |       1.200 |     0.000 |       0.000 |      0.000 |       NA    | Unspecified | NA         |
| Vccaux_io |       1.800 |     0.000 |       0.000 |      0.000 |       NA    | Unspecified | NA         |
| Vccbram   |       1.000 |     0.008 |       0.000 |      0.008 |       NA    | Unspecified | NA         |
| MGTAVcc   |       1.000 |     0.000 |       0.000 |      0.000 |       NA    | Unspecified | NA         |
| MGTAVtt   |       1.200 |     0.000 |       0.000 |      0.000 |       NA    | Unspecified | NA         |
| MGTVccaux |       1.800 |     0.000 |       0.000 |      0.000 |       NA    | Unspecified | NA         |
| Vccpint   |       1.000 |     0.684 |       0.655 |      0.029 |       NA    | Unspecified | NA         |
| Vccpaux   |       1.800 |     0.036 |       0.026 |      0.010 |       NA    | Unspecified | NA         |
| Vccpll    |       1.800 |     0.017 |       0.014 |      0.003 |       NA    | Unspecified | NA         |
| Vcco_ddr  |       1.500 |     0.354 |       0.352 |      0.002 |       NA    | Unspecified | NA         |
| Vcco_mio0 |       3.300 |     0.003 |       0.002 |      0.001 |       NA    | Unspecified | NA         |
| Vcco_mio1 |       1.800 |     0.003 |       0.002 |      0.001 |       NA    | Unspecified | NA         |
| Vccadc    |       1.800 |     0.020 |       0.000 |      0.020 |       NA    | Unspecified | NA         |
+-----------+-------------+-----------+-------------+------------+-------------+-------------+------------+


1.3 Confidence Level
--------------------

+-----------------------------+------------+--------------------------------------------------------+------------------------------------------------------------------------------------------------------------+
| User Input Data             | Confidence | Details                                                | Action                                                                                                     |
+-----------------------------+------------+--------------------------------------------------------+------------------------------------------------------------------------------------------------------------+
| Design implementation state | High       | Design is routed                                       |                                                                                                            |
| Clock nodes activity        | High       | User specified more than 95% of clocks                 |                                                                                                            |
| I/O nodes activity          | Low        | More than 75% of inputs are missing user specification | Provide missing input activity with simulation results or by editing the "By Resource Type -> I/Os" view   |
| Internal nodes activity     | Medium     | User specified less than 25% of internal nodes         | Provide missing internal nodes activity with simulation results or by editing the "By Resource Type" views |
| Device models               | High       | Device models are Production                           |                                                                                                            |
|                             |            |                                                        |                                                                                                            |
| Overall confidence level    | Low        |                                                        |                                                                                                            |
+-----------------------------+------------+--------------------------------------------------------+------------------------------------------------------------------------------------------------------------+


2. Settings
-----------

2.1 Environment
---------------

+-----------------------+------------------------+
| Ambient Temp (C)      | 25.0                   |
| ThetaJA (C/W)         | 11.5                   |
| Airflow (LFM)         | 250                    |
| Heat Sink             | none                   |
| ThetaSA (C/W)         | 0.0                    |
| Board Selection       | medium (10"x10")       |
| # of Board Layers     | 8to11 (8 to 11 Layers) |
| Board Temperature (C) | 25.0                   |
+-----------------------+------------------------+


2.2 Clock Constraints
---------------------

+------------------------------+------------------------------------------------------------+-----------------+
| Clock                        | Domain                                                     | Constraint (ns) |
+------------------------------+------------------------------------------------------------+-----------------+
| clk_fpga_0                   | mic_dma_i/processing_system7_0/inst/FCLK_CLK0              |            10.0 |
| clk_fpga_0                   | mic_dma_i/processing_system7_0/inst/FCLK_CLK_unbuffered[0] |            10.0 |
| clk_out1_mic_dma_clk_wiz_0_0 | mic_dma_i/clk_wiz_0/inst/clk_out1_mic_dma_clk_wiz_0_0      |           130.2 |
| clkfbout_mic_dma_clk_wiz_0_0 | mic_dma_i/clk_wiz_0/inst/clkfbout_mic_dma_clk_wiz_0_0      |            50.0 |
+------------------------------+------------------------------------------------------------+-----------------+


3. Detailed Reports
-------------------

3.1 By Hierarchy
----------------

+--------------------------+-----------+
| Name                     | Power (W) |
+--------------------------+-----------+
| mic_dma_wrapper          |     1.426 |
|   mic_dma_i              |     1.423 |
|     axi_mem_intercon_1   |     0.001 |
|       s00_couplers       |     0.001 |
|     axi_smc              |     0.005 |
|       inst               |     0.005 |
|     clk_wiz_0            |     0.110 |
|       inst               |     0.110 |
|     dma                  |     0.011 |
|       U0                 |     0.011 |
|     fifo_generator_0     |     0.008 |
|       U0                 |     0.008 |
|     mic_sampler_0        |     0.002 |
|       inst               |     0.002 |
|     proc_sys_0           |     0.020 |
|       inst               |     0.020 |
|     processing_system7_0 |     1.265 |
|       inst               |     1.265 |
+--------------------------+-----------+


